<?xml version="1.0" encoding="UTF-8"?>
<testsuite name="Cucumber" time="14.937" tests="4" skipped="0" failures="3" errors="0">
<testcase classname="personel_olusturma" name="TC01_personel_olustur - personel_bilgileri - Example #1.1" time="4.926">
<failure type="java.lang.AssertionError">
<![CDATA[java.lang.AssertionError
	at org.junit.Assert.fail(Assert.java:87)
	at org.junit.Assert.assertTrue(Assert.java:42)
	at org.junit.Assert.assertTrue(Assert.java:53)
	at stepdefinitions.DataTablesStepDefinitions.firstname_in_oluştuğunu_test_et(DataTablesStepDefinitions.java:66)
	at ✽.firstname "John" in oluştuğunu test et(file:///C:/Users/mserc/IdeaProjects/batch103Cucumber/./src/test/resources/features/day04_scenario_outline_2.feature:15)
]]>
</failure>
<system-out><![CDATA[
Given kullanici "https://editor.datatables.net/" gider......................passed
When kullanıcı new butonuna tıklar..........................................passed
And kullanıcı firstname "John" girer........................................passed
And kullanıcı lastname "Walker" girer.......................................passed
And kullanıcı positions "SDET" girer........................................passed
And kullanıcı office "ISTANBUL" girer.......................................passed
And kullanıcı extension "345" girer.........................................passed
And kullanıcı start_date "2023-02-25" girer.................................passed
And kullanıcı salary "120000" girer.........................................passed
And kullanıcı create butonuna basar.........................................passed
When kullanıcı firstname ile "John" arar....................................passed
Then firstname "John" in oluştuğunu test et.................................failed
Then close the application..................................................skipped
]]></system-out>
</testcase>
<testcase classname="personel_olusturma" name="TC01_personel_olustur - personel_bilgileri - Example #1.2" time="2.898">
<failure type="java.lang.AssertionError">
<![CDATA[java.lang.AssertionError
	at org.junit.Assert.fail(Assert.java:87)
	at org.junit.Assert.assertTrue(Assert.java:42)
	at org.junit.Assert.assertTrue(Assert.java:53)
	at stepdefinitions.DataTablesStepDefinitions.firstname_in_oluştuğunu_test_et(DataTablesStepDefinitions.java:66)
	at ✽.firstname "Zeynep" in oluştuğunu test et(file:///C:/Users/mserc/IdeaProjects/batch103Cucumber/./src/test/resources/features/day04_scenario_outline_2.feature:15)
]]>
</failure>
<system-out><![CDATA[
Given kullanici "https://editor.datatables.net/" gider......................passed
When kullanıcı new butonuna tıklar..........................................passed
And kullanıcı firstname "Zeynep" girer......................................passed
And kullanıcı lastname "Black" girer........................................passed
And kullanıcı positions "Developer" girer...................................passed
And kullanıcı office "ANKARA" girer.........................................passed
And kullanıcı extension "123" girer.........................................passed
And kullanıcı start_date "2023-02-25" girer.................................passed
And kullanıcı salary "150000" girer.........................................passed
And kullanıcı create butonuna basar.........................................passed
When kullanıcı firstname ile "Zeynep" arar..................................passed
Then firstname "Zeynep" in oluştuğunu test et...............................failed
Then close the application..................................................skipped
]]></system-out>
</testcase>
<testcase classname="personel_olusturma" name="TC01_personel_olustur - personel_bilgileri - Example #1.3" time="3.038">
<system-out><![CDATA[
Given kullanici "https://editor.datatables.net/" gider......................passed
When kullanıcı new butonuna tıklar..........................................passed
And kullanıcı firstname "Ali" girer.........................................passed
And kullanıcı lastname "Bak" girer..........................................passed
And kullanıcı positions "BA" girer..........................................passed
And kullanıcı office "IZMIR" girer..........................................passed
And kullanıcı extension "128" girer.........................................passed
And kullanıcı start_date "2023-02-25" girer.................................passed
And kullanıcı salary "180000" girer.........................................passed
And kullanıcı create butonuna basar.........................................passed
When kullanıcı firstname ile "Ali" arar.....................................passed
Then firstname "Ali" in oluştuğunu test et..................................passed
Then close the application..................................................passed
]]></system-out>
</testcase>
<testcase classname="personel_olusturma" name="TC01_personel_olustur - personel_bilgileri - Example #1.4" time="3.92">
<failure type="java.lang.AssertionError">
<![CDATA[java.lang.AssertionError
	at org.junit.Assert.fail(Assert.java:87)
	at org.junit.Assert.assertTrue(Assert.java:42)
	at org.junit.Assert.assertTrue(Assert.java:53)
	at stepdefinitions.DataTablesStepDefinitions.firstname_in_oluştuğunu_test_et(DataTablesStepDefinitions.java:66)
	at ✽.firstname "Feyza" in oluştuğunu test et(file:///C:/Users/mserc/IdeaProjects/batch103Cucumber/./src/test/resources/features/day04_scenario_outline_2.feature:15)
]]>
</failure>
<system-out><![CDATA[
Given kullanici "https://editor.datatables.net/" gider......................passed
When kullanıcı new butonuna tıklar..........................................passed
And kullanıcı firstname "Feyza" girer.......................................passed
And kullanıcı lastname "Sar" girer..........................................passed
And kullanıcı positions "QA" girer..........................................passed
And kullanıcı office "ERZURUM" girer........................................passed
And kullanıcı extension "121" girer.........................................passed
And kullanıcı start_date "2023-02-25" girer.................................passed
And kullanıcı salary "280000" girer.........................................passed
And kullanıcı create butonuna basar.........................................passed
When kullanıcı firstname ile "Feyza" arar...................................passed
Then firstname "Feyza" in oluştuğunu test et................................failed
Then close the application..................................................skipped
]]></system-out>
</testcase>
</testsuite>
